#
# There is insufficient memory for the Java Runtime Environment to continue.
# Native memory allocation (malloc) failed to allocate 922256 bytes for Chunk::new
# Possible reasons:
#   The system is out of physical RAM or swap space
#   In 32 bit mode, the process size limit was hit
# Possible solutions:
#   Reduce memory load on the system
#   Increase physical memory or swap space
#   Check if swap backing store is full
#   Use 64 bit Java on a 64 bit OS
#   Decrease Java heap size (-Xmx/-Xms)
#   Decrease number of Java threads
#   Decrease Java thread stack sizes (-Xss)
#   Set larger code cache with -XX:ReservedCodeCacheSize=
# This output file may be truncated or incomplete.
#
#  Out of Memory Error (allocation.cpp:390), pid=1268, tid=0x0000000000002b7c
#
# JRE version: Java(TM) SE Runtime Environment (8.0_181-b13) (build 1.8.0_181-b13)
# Java VM: Java HotSpot(TM) 64-Bit Server VM (25.181-b13 mixed mode windows-amd64 compressed oops)
# Failed to write core dump. Minidumps are not enabled by default on client versions of Windows
#

---------------  T H R E A D  ---------------

Current thread (0x0000000019e2d800):  JavaThread "C2 CompilerThread2" daemon [_thread_in_native, id=11132, stack(0x000000001a870000,0x000000001a970000)]

Stack: [0x000000001a870000,0x000000001a970000]
[error occurred during error reporting (printing stack bounds), id 0xc0000005]

Native frames: (J=compiled Java code, j=interpreted, Vv=VM code, C=native code)


Current CompileTask:
C2:   4827 1780 % !   4       java.util.jar.Attributes::read @ 177 (380 bytes)


---------------  P R O C E S S  ---------------

Java Threads: ( => current thread )
  0x000000001be30000 JavaThread "background-preinit" [_thread_in_native, id=7540, stack(0x000000001c920000,0x000000001ca20000)]
  0x0000000019ec1000 JavaThread "Service Thread" daemon [_thread_blocked, id=8740, stack(0x000000001aa70000,0x000000001ab70000)]
  0x0000000019e33800 JavaThread "C1 CompilerThread3" daemon [_thread_blocked, id=12132, stack(0x000000001a970000,0x000000001aa70000)]
=>0x0000000019e2d800 JavaThread "C2 CompilerThread2" daemon [_thread_in_native, id=11132, stack(0x000000001a870000,0x000000001a970000)]
  0x0000000019e2a000 JavaThread "C2 CompilerThread1" daemon [_thread_in_native, id=3752, stack(0x000000001a770000,0x000000001a870000)]
  0x0000000019e25800 JavaThread "C2 CompilerThread0" daemon [_thread_in_native, id=2536, stack(0x000000001a670000,0x000000001a770000)]
  0x0000000019e1b800 JavaThread "Monitor Ctrl-Break" daemon [_thread_in_native, id=1360, stack(0x000000001a570000,0x000000001a670000)]
  0x0000000019db2000 JavaThread "Attach Listener" daemon [_thread_blocked, id=5064, stack(0x000000001a460000,0x000000001a560000)]
  0x0000000019db1800 JavaThread "Signal Dispatcher" daemon [_thread_blocked, id=10512, stack(0x000000001a360000,0x000000001a460000)]
  0x0000000017eb6000 JavaThread "Finalizer" daemon [_thread_blocked, id=10456, stack(0x000000001a180000,0x000000001a280000)]
  0x0000000017eaf000 JavaThread "Reference Handler" daemon [_thread_blocked, id=2416, stack(0x0000000019c80000,0x0000000019d80000)]
  0x0000000002db3800 JavaThread "main" [_thread_in_native, id=10664, stack(0x0000000002ca0000,0x0000000002da0000)]

Other Threads:
  0x0000000017ea7000 VMThread [stack: 0x0000000019b80000,0x0000000019c80000] [id=5088]
  0x0000000019ef8000 WatcherThread [stack: 0x000000001ab70000,0x000000001ac70000] [id=7820]

VM state:not at safepoint (normal execution)

VM Mutex/Monitor currently owned by a thread:  ([mutex/lock_event])
[0x0000000002daec00] CodeCache_lock - owner thread: 0x0000000000000000

Heap:
 PSYoungGen      total 137216K, used 95283K [0x00000000d6980000, 0x00000000df780000, 0x0000000100000000)
  eden space 130560K, 72% used [0x00000000d6980000,0x00000000dc68cf90,0x00000000de900000)
  from space 6656K, 0% used [0x00000000df000000,0x00000000df000000,0x00000000df680000)
  to   space 7168K, 0% used [0x00000000de900000,0x00000000de900000,0x00000000df000000)
 ParOldGen       total 44544K, used 5187K [0x0000000083c00000, 0x0000000086780000, 0x00000000d6980000)
  object space 44544K, 11% used [0x0000000083c00000,0x0000000084110fc8,0x0000000086780000)
 Metaspace       used 26260K, capacity 26796K, committed 27132K, reserved 1075200K
  class space    used 3657K, capacity 3811K, committed 3836K, reserved 1048576K

Card table byte_map: [0x00000000123f0000,0x00000000127e0000] byte_map_base: 0x0000000011fd2000

Marking Bits: (ParMarkBitMap*) 0x0000000074262d00
 Begin Bits: [0x0000000013280000, 0x0000000015190000)
 End Bits:   [0x0000000015190000, 0x00000000170a0000)

Polling page: 0x0000000002c80000

CodeCache: size=245760Kb used=6707Kb max_used=6707Kb free=239052Kb
 bounds [0x0000000003030000, 0x00000000036c0000, 0x0000000012030000]
 total_blobs=2261 nmethods=1869 adapters=304
 compilation: enabled

Compilation events (10 events):
Event: 4.811 Thread 0x0000000019e33800 1867       3       jdk.internal.org.objectweb.asm.MethodWriter::visitEnd (1 bytes)
Event: 4.812 Thread 0x0000000019e33800 nmethod 1867 0x00000000036ba490 code [0x00000000036ba5e0, 0x00000000036ba730]
Event: 4.812 Thread 0x0000000019e33800 1868       3       jdk.internal.org.objectweb.asm.MethodWriter::getSize (838 bytes)
Event: 4.816 Thread 0x0000000019e33800 nmethod 1868 0x00000000036ba790 code [0x00000000036bac00, 0x00000000036bcfe8]
Event: 4.816 Thread 0x0000000019e33800 1873       1       java.util.stream.MatchOps$BooleanTerminalSink::cancellationRequested (5 bytes)
Event: 4.816 Thread 0x0000000019e33800 nmethod 1873 0x00000000036be390 code [0x00000000036be4e0, 0x00000000036be5f0]
Event: 4.816 Thread 0x0000000019e33800 1874       1       java.util.stream.MatchOps$MatchKind::access$100 (5 bytes)
Event: 4.816 Thread 0x0000000019e33800 nmethod 1874 0x00000000036be650 code [0x00000000036be7a0, 0x00000000036be890]
Event: 4.816 Thread 0x0000000019e33800 1875       1       org.springframework.boot.context.properties.source.SpringConfigurationPropertySource::getMapper (5 bytes)
Event: 4.817 Thread 0x0000000019e33800 nmethod 1875 0x00000000036be910 code [0x00000000036bea60, 0x00000000036beb70]

GC Heap History (10 events):
Event: 3.641 GC heap before
{Heap before GC invocations=5 (full 0):
 PSYoungGen      total 37888K, used 37835K [0x00000000d6980000, 0x00000000d9380000, 0x0000000100000000)
  eden space 32768K, 99% used [0x00000000d6980000,0x00000000d89786a8,0x00000000d8980000)
  from space 5120K, 99% used [0x00000000d8e80000,0x00000000d937a6f8,0x00000000d9380000)
  to   space 5120K, 0% used [0x00000000d8980000,0x00000000d8980000,0x00000000d8e80000)
 ParOldGen       total 86016K, used 715K [0x0000000083c00000, 0x0000000089000000, 0x00000000d6980000)
  object space 86016K, 0% used [0x0000000083c00000,0x0000000083cb2df8,0x0000000089000000)
 Metaspace       used 18391K, capacity 18746K, committed 19072K, reserved 1064960K
  class space    used 2509K, capacity 2616K, committed 2688K, reserved 1048576K
Event: 3.647 GC heap after
Heap after GC invocations=5 (full 0):
 PSYoungGen      total 37888K, used 5095K [0x00000000d6980000, 0x00000000db680000, 0x0000000100000000)
  eden space 32768K, 0% used [0x00000000d6980000,0x00000000d6980000,0x00000000d8980000)
  from space 5120K, 99% used [0x00000000d8980000,0x00000000d8e79f58,0x00000000d8e80000)
  to   space 6656K, 0% used [0x00000000db000000,0x00000000db000000,0x00000000db680000)
 ParOldGen       total 86016K, used 1136K [0x0000000083c00000, 0x0000000089000000, 0x00000000d6980000)
  object space 86016K, 1% used [0x0000000083c00000,0x0000000083d1c288,0x0000000089000000)
 Metaspace       used 18391K, capacity 18746K, committed 19072K, reserved 1064960K
  class space    used 2509K, capacity 2616K, committed 2688K, reserved 1048576K
}
Event: 3.803 GC heap before
{Heap before GC invocations=6 (full 0):
 PSYoungGen      total 37888K, used 37863K [0x00000000d6980000, 0x00000000db680000, 0x0000000100000000)
  eden space 32768K, 100% used [0x00000000d6980000,0x00000000d8980000,0x00000000d8980000)
  from space 5120K, 99% used [0x00000000d8980000,0x00000000d8e79f58,0x00000000d8e80000)
  to   space 6656K, 0% used [0x00000000db000000,0x00000000db000000,0x00000000db680000)
 ParOldGen       total 86016K, used 1136K [0x0000000083c00000, 0x0000000089000000, 0x00000000d6980000)
  object space 86016K, 1% used [0x0000000083c00000,0x0000000083d1c288,0x0000000089000000)
 Metaspace       used 19197K, capacity 19656K, committed 19968K, reserved 1067008K
  class space    used 2656K, capacity 2793K, committed 2816K, reserved 1048576K
Event: 3.810 GC heap after
Heap after GC invocations=6 (full 0):
 PSYoungGen      total 72192K, used 5425K [0x00000000d6980000, 0x00000000db680000, 0x0000000100000000)
  eden space 65536K, 0% used [0x00000000d6980000,0x00000000d6980000,0x00000000da980000)
  from space 6656K, 81% used [0x00000000db000000,0x00000000db54c5a8,0x00000000db680000)
  to   space 6656K, 0% used [0x00000000da980000,0x00000000da980000,0x00000000db000000)
 ParOldGen       total 86016K, used 1144K [0x0000000083c00000, 0x0000000089000000, 0x00000000d6980000)
  object space 86016K, 1% used [0x0000000083c00000,0x0000000083d1e288,0x0000000089000000)
 Metaspace       used 19197K, capacity 19656K, committed 19968K, reserved 1067008K
  class space    used 2656K, capacity 2793K, committed 2816K, reserved 1048576K
}
Event: 4.007 GC heap before
{Heap before GC invocations=7 (full 0):
 PSYoungGen      total 72192K, used 29229K [0x00000000d6980000, 0x00000000db680000, 0x0000000100000000)
  eden space 65536K, 36% used [0x00000000d6980000,0x00000000d80beee0,0x00000000da980000)
  from space 6656K, 81% used [0x00000000db000000,0x00000000db54c5a8,0x00000000db680000)
  to   space 6656K, 0% used [0x00000000da980000,0x00000000da980000,0x00000000db000000)
 ParOldGen       total 86016K, used 1144K [0x0000000083c00000, 0x0000000089000000, 0x00000000d6980000)
  object space 86016K, 1% used [0x0000000083c00000,0x0000000083d1e288,0x0000000089000000)
 Metaspace       used 20795K, capacity 21192K, committed 21504K, reserved 1067008K
  class space    used 2923K, capacity 3049K, committed 3072K, reserved 1048576K
Event: 4.017 GC heap after
Heap after GC invocations=7 (full 0):
 PSYoungGen      total 72192K, used 3928K [0x00000000d6980000, 0x00000000df680000, 0x0000000100000000)
  eden space 65536K, 0% used [0x00000000d6980000,0x00000000d6980000,0x00000000da980000)
  from space 6656K, 59% used [0x00000000da980000,0x00000000dad563c0,0x00000000db000000)
  to   space 6656K, 0% used [0x00000000df000000,0x00000000df000000,0x00000000df680000)
 ParOldGen       total 86016K, used 3841K [0x0000000083c00000, 0x0000000089000000, 0x00000000d6980000)
  object space 86016K, 4% used [0x0000000083c00000,0x0000000083fc05d0,0x0000000089000000)
 Metaspace       used 20795K, capacity 21192K, committed 21504K, reserved 1067008K
  class space    used 2923K, capacity 3049K, committed 3072K, reserved 1048576K
}
Event: 4.049 GC heap before
{Heap before GC invocations=8 (full 0):
 PSYoungGen      total 72192K, used 8579K [0x00000000d6980000, 0x00000000df680000, 0x0000000100000000)
  eden space 65536K, 7% used [0x00000000d6980000,0x00000000d6e0aa68,0x00000000da980000)
  from space 6656K, 59% used [0x00000000da980000,0x00000000dad563c0,0x00000000db000000)
  to   space 6656K, 0% used [0x00000000df000000,0x00000000df000000,0x00000000df680000)
 ParOldGen       total 86016K, used 3841K [0x0000000083c00000, 0x0000000089000000, 0x00000000d6980000)
  object space 86016K, 4% used [0x0000000083c00000,0x0000000083fc05d0,0x0000000089000000)
 Metaspace       used 21116K, capacity 21456K, committed 21628K, reserved 1067008K
  class space    used 2984K, capacity 3115K, committed 3196K, reserved 1048576K
Event: 4.058 GC heap after
Heap after GC invocations=8 (full 0):
 PSYoungGen      total 137216K, used 1812K [0x00000000d6980000, 0x00000000df780000, 0x0000000100000000)
  eden space 130560K, 0% used [0x00000000d6980000,0x00000000d6980000,0x00000000de900000)
  from space 6656K, 27% used [0x00000000df000000,0x00000000df1c5010,0x00000000df680000)
  to   space 7168K, 0% used [0x00000000de900000,0x00000000de900000,0x00000000df000000)
 ParOldGen       total 86016K, used 4649K [0x0000000083c00000, 0x0000000089000000, 0x00000000d6980000)
  object space 86016K, 5% used [0x0000000083c00000,0x000000008408a5f0,0x0000000089000000)
 Metaspace       used 21116K, capacity 21456K, committed 21628K, reserved 1067008K
  class space    used 2984K, capacity 3115K, committed 3196K, reserved 1048576K
}
Event: 4.058 GC heap before
{Heap before GC invocations=9 (full 1):
 PSYoungGen      total 137216K, used 1812K [0x00000000d6980000, 0x00000000df780000, 0x0000000100000000)
  eden space 130560K, 0% used [0x00000000d6980000,0x00000000d6980000,0x00000000de900000)
  from space 6656K, 27% used [0x00000000df000000,0x00000000df1c5010,0x00000000df680000)
  to   space 7168K, 0% used [0x00000000de900000,0x00000000de900000,0x00000000df000000)
 ParOldGen       total 86016K, used 4649K [0x0000000083c00000, 0x0000000089000000, 0x00000000d6980000)
  object space 86016K, 5% used [0x0000000083c00000,0x000000008408a5f0,0x0000000089000000)
 Metaspace       used 21116K, capacity 21456K, committed 21628K, reserved 1067008K
  class space    used 2984K, capacity 3115K, committed 3196K, reserved 1048576K
Event: 4.104 GC heap after
Heap after GC invocations=9 (full 1):
 PSYoungGen      total 137216K, used 0K [0x00000000d6980000, 0x00000000df780000, 0x0000000100000000)
  eden space 130560K, 0% used [0x00000000d6980000,0x00000000d6980000,0x00000000de900000)
  from space 6656K, 0% used [0x00000000df000000,0x00000000df000000,0x00000000df680000)
  to   space 7168K, 0% used [0x00000000de900000,0x00000000de900000,0x00000000df000000)
 ParOldGen       total 44544K, used 5187K [0x0000000083c00000, 0x0000000086780000, 0x00000000d6980000)
  object space 44544K, 11% used [0x0000000083c00000,0x0000000084110fc8,0x0000000086780000)
 Metaspace       used 21116K, capacity 21456K, committed 21628K, reserved 1067008K
  class space    used 2984K, capacity 3115K, committed 3196K, reserved 1048576K
}

Deoptimization events (10 events):
Event: 3.567 Thread 0x0000000002db3800 Uncommon trap: reason=unstable_if action=reinterpret pc=0x0000000003486818 method=java.util.HashMap.putVal(ILjava/lang/Object;Ljava/lang/Object;ZZ)Ljava/lang/Object; @ 236
Event: 3.584 Thread 0x0000000002db3800 Uncommon trap: reason=unstable_if action=reinterpret pc=0x0000000003382a7c method=java.lang.CharacterDataLatin1.isWhitespace(I)Z @ 14
Event: 3.603 Thread 0x000000001be30000 Uncommon trap: reason=unstable_if action=reinterpret pc=0x0000000003518f58 method=sun.misc.MetaIndex.mayContain(Ljava/lang/String;)Z @ 38
Event: 3.636 Thread 0x0000000002db3800 Uncommon trap: reason=unstable_if action=reinterpret pc=0x00000000034358b8 method=java.util.jar.Manifest$FastInputStream.readLine([BII)I @ 87
Event: 3.686 Thread 0x0000000002db3800 Uncommon trap: reason=unstable_if action=reinterpret pc=0x0000000003326d3c method=java.util.HashMap.hash(Ljava/lang/Object;)I @ 1
Event: 4.179 Thread 0x000000001be30000 Uncommon trap: reason=unstable_if action=reinterpret pc=0x00000000034403fc method=java.util.concurrent.ConcurrentHashMap.addCount(JI)V @ 168
Event: 4.179 Thread 0x0000000002db3800 Uncommon trap: reason=unstable_if action=reinterpret pc=0x00000000035215a0 method=java.util.concurrent.ConcurrentHashMap.transfer([Ljava/util/concurrent/ConcurrentHashMap$Node;[Ljava/util/concurrent/ConcurrentHashMap$Node;)V @ 277
Event: 4.179 Thread 0x0000000002db3800 Uncommon trap: reason=unstable_if action=reinterpret pc=0x00000000034403fc method=java.util.concurrent.ConcurrentHashMap.addCount(JI)V @ 168
Event: 4.658 Thread 0x0000000002db3800 Uncommon trap: reason=unstable_if action=reinterpret pc=0x000000000363a734 method=java.net.URLStreamHandler.parseURL(Ljava/net/URL;Ljava/lang/String;II)V @ 717
Event: 4.659 Thread 0x0000000002db3800 Uncommon trap: reason=unstable_if action=reinterpret pc=0x00000000034634cc method=java.io.WinNTFileSystem.isLetter(C)Z @ 15

Classes redefined (0 events):
No events

Internal exceptions (10 events):
Event: 2.019 Thread 0x0000000002db3800 Exception <a 'java/lang/NoSuchMethodError': java.lang.Object.lambda$identity$2(Ljava/lang/Object;)Ljava/lang/Object;> (0x00000000d876c350) thrown at [C:\re\workspace\8-2-build-windows-amd64-cygwin\jdk8u181\11358\hotspot\src\share\vm\interpreter\linkResolv
Event: 2.023 Thread 0x0000000002db3800 Exception <a 'java/lang/NoSuchMethodError': java.lang.Object.lambda$static$0(CI)C> (0x00000000d87921b0) thrown at [C:\re\workspace\8-2-build-windows-amd64-cygwin\jdk8u181\11358\hotspot\src\share\vm\interpreter\linkResolver.cpp, line 620]
Event: 2.023 Thread 0x0000000002db3800 Exception <a 'java/lang/NoSuchMethodError': java.lang.Object.lambda$static$1(CI)C> (0x00000000d8794c18) thrown at [C:\re\workspace\8-2-build-windows-amd64-cygwin\jdk8u181\11358\hotspot\src\share\vm\interpreter\linkResolver.cpp, line 620]
Event: 2.066 Thread 0x0000000002db3800 Exception <a 'java/lang/NoClassDefFoundError': org/reactivestreams/Publisher> (0x00000000d69b3420) thrown at [C:\re\workspace\8-2-build-windows-amd64-cygwin\jdk8u181\11358\hotspot\src\share\vm\classfile\systemDictionary.cpp, line 199]
Event: 2.067 Thread 0x0000000002db3800 Exception <a 'java/lang/NoClassDefFoundError': rx/Observable> (0x00000000d69c8b90) thrown at [C:\re\workspace\8-2-build-windows-amd64-cygwin\jdk8u181\11358\hotspot\src\share\vm\classfile\systemDictionary.cpp, line 199]
Event: 2.068 Thread 0x0000000002db3800 Exception <a 'java/lang/NoClassDefFoundError': org/reactivestreams/Publisher> (0x00000000d69e1780) thrown at [C:\re\workspace\8-2-build-windows-amd64-cygwin\jdk8u181\11358\hotspot\src\share\vm\classfile\systemDictionary.cpp, line 199]
Event: 3.686 Thread 0x0000000002db3800 Implicit null exception at 0x0000000003326b55 to 0x0000000003326d2d
Event: 3.734 Thread 0x000000001be30000 Exception <a 'java/lang/NoSuchMethodError': java.lang.Object.forClass(Ljava/lang/Class;)Lorg/hibernate/validator/internal/engine/constraintvalidation/ConstraintValidatorDescriptor;> (0x00000000d8291f50) thrown at [C:\re\workspace\8-2-build-windows-amd64-c
Event: 4.658 Thread 0x0000000002db3800 Implicit null exception at 0x0000000003637230 to 0x000000000363a6ed
Event: 4.794 Thread 0x0000000002db3800 Exception <a 'java/lang/NoSuchMethodError': java.lang.Object.lambda$chars$0()Ljava/util/Spliterator$OfInt;> (0x00000000dc1781e0) thrown at [C:\re\workspace\8-2-build-windows-amd64-cygwin\jdk8u181\11358\hotspot\src\share\vm\interpreter\linkResolver.cpp, li

Events (10 events):
Event: 4.810 loading class org/springframework/boot/ansi/AnsiColor
Event: 4.810 loading class org/springframework/boot/ansi/AnsiColor done
Event: 4.812 loading class org/springframework/boot/ansi/AnsiElement
Event: 4.812 loading class org/springframework/boot/ansi/AnsiElement done
Event: 4.813 loading class org/springframework/boot/logging/LoggingSystemProperties
Event: 4.813 loading class org/springframework/boot/logging/LoggingSystemProperties done
Event: 4.817 loading class org/springframework/boot/system/ApplicationPid
Event: 4.818 loading class org/springframework/boot/system/ApplicationPid done
Event: 4.819 loading class com/fasterxml/jackson/databind/ser/std/CalendarSerializer
Event: 4.819 loading class com/fasterxml/jackson/databind/ser/std/CalendarSerializer done


Dynamic libraries:
0x00007ff78c0c0000 - 0x00007ff78c0f7000 	C:\Program Files\Java\jdk1.8.0_181\bin\java.exe
0x00007ffa45b90000 - 0x00007ffa45d51000 	C:\WINDOWS\SYSTEM32\ntdll.dll
0x00007ffa44330000 - 0x00007ffa443dd000 	C:\WINDOWS\system32\KERNEL32.DLL
0x00007ffa42da0000 - 0x00007ffa42f88000 	C:\WINDOWS\system32\KERNELBASE.dll
0x00007ffa45a70000 - 0x00007ffa45b17000 	C:\WINDOWS\system32\ADVAPI32.dll
0x00007ffa43450000 - 0x00007ffa434ed000 	C:\WINDOWS\system32\msvcrt.dll
0x00007ffa43f70000 - 0x00007ffa43fcb000 	C:\WINDOWS\system32\sechost.dll
0x00007ffa443e0000 - 0x00007ffa444fc000 	C:\WINDOWS\system32\RPCRT4.dll
0x00007ffa43160000 - 0x00007ffa432b6000 	C:\WINDOWS\system32\USER32.dll
0x00007ffa441a0000 - 0x00007ffa44326000 	C:\WINDOWS\system32\GDI32.dll
0x00007ffa35800000 - 0x00007ffa35a74000 	C:\WINDOWS\WinSxS\amd64_microsoft.windows.common-controls_6595b64144ccf1df_6.0.10586.0_none_8c15ae12515e1c22\COMCTL32.dll
0x00007ffa43ab0000 - 0x00007ffa43d2d000 	C:\WINDOWS\system32\combase.dll
0x00007ffa424f0000 - 0x00007ffa4255a000 	C:\WINDOWS\system32\bcryptPrimitives.dll
0x00007ffa434f0000 - 0x00007ffa4352b000 	C:\WINDOWS\system32\IMM32.DLL
0x00000000751d0000 - 0x00000000752a2000 	C:\Program Files\Java\jdk1.8.0_181\jre\bin\msvcr100.dll
0x0000000073a40000 - 0x00000000742e2000 	C:\Program Files\Java\jdk1.8.0_181\jre\bin\server\jvm.dll
0x00007ffa43d30000 - 0x00007ffa43d38000 	C:\WINDOWS\system32\PSAPI.DLL
0x00007ffa323d0000 - 0x00007ffa323d9000 	C:\WINDOWS\SYSTEM32\WSOCK32.dll
0x00007ffa40930000 - 0x00007ffa40953000 	C:\WINDOWS\SYSTEM32\WINMM.dll
0x00007ffa348a0000 - 0x00007ffa348aa000 	C:\WINDOWS\SYSTEM32\VERSION.dll
0x00007ffa45b20000 - 0x00007ffa45b8b000 	C:\WINDOWS\system32\WS2_32.dll
0x00007ffa403d0000 - 0x00007ffa403fc000 	C:\WINDOWS\SYSTEM32\WINMMBASE.dll
0x00007ffa42240000 - 0x00007ffa42283000 	C:\WINDOWS\system32\cfgmgr32.dll
0x00000000751c0000 - 0x00000000751cf000 	C:\Program Files\Java\jdk1.8.0_181\jre\bin\verify.dll
0x0000000075190000 - 0x00000000751b9000 	C:\Program Files\Java\jdk1.8.0_181\jre\bin\java.dll
0x0000000074d30000 - 0x0000000074d53000 	C:\Program Files\Java\jdk1.8.0_181\jre\bin\instrument.dll
0x0000000075170000 - 0x0000000075186000 	C:\Program Files\Java\jdk1.8.0_181\jre\bin\zip.dll
0x00007ffa44510000 - 0x00007ffa45a6c000 	C:\WINDOWS\system32\SHELL32.dll
0x00007ffa425c0000 - 0x00007ffa42c04000 	C:\WINDOWS\system32\windows.storage.dll
0x00007ffa43fd0000 - 0x00007ffa44022000 	C:\WINDOWS\system32\shlwapi.dll
0x00007ffa421b0000 - 0x00007ffa421bf000 	C:\WINDOWS\system32\kernel.appcore.dll
0x00007ffa42c10000 - 0x00007ffa42cc5000 	C:\WINDOWS\system32\shcore.dll
0x00007ffa421c0000 - 0x00007ffa4220b000 	C:\WINDOWS\system32\powrprof.dll
0x00007ffa42220000 - 0x00007ffa42234000 	C:\WINDOWS\system32\profapi.dll
0x00007ffa26af0000 - 0x00007ffa26b0a000 	C:\Program Files\JetBrains\IntelliJ IDEA 2018.2.4\bin\breakgen64.dll
0x0000000075150000 - 0x000000007516a000 	C:\Program Files\Java\jdk1.8.0_181\jre\bin\net.dll
0x00007ffa41ae0000 - 0x00007ffa41b3c000 	C:\WINDOWS\system32\mswsock.dll
0x0000000073a20000 - 0x0000000073a31000 	C:\Program Files\Java\jdk1.8.0_181\jre\bin\nio.dll
0x0000000075140000 - 0x000000007514d000 	C:\Program Files\Java\jdk1.8.0_181\jre\bin\management.dll
0x00007ffa31b70000 - 0x00007ffa31b86000 	C:\WINDOWS\system32\napinsp.dll
0x00007ffa31b90000 - 0x00007ffa31baa000 	C:\WINDOWS\system32\pnrpnsp.dll
0x00007ffa3f8b0000 - 0x00007ffa3f8c8000 	C:\WINDOWS\system32\NLAapi.dll
0x00007ffa40c20000 - 0x00007ffa40cca000 	C:\WINDOWS\SYSTEM32\DNSAPI.dll
0x00007ffa44500000 - 0x00007ffa44508000 	C:\WINDOWS\system32\NSI.dll
0x00007ffa31bb0000 - 0x00007ffa31bbd000 	C:\WINDOWS\System32\winrnr.dll
0x0000000076760000 - 0x0000000076786000 	C:\Program Files\Bonjour\mdnsNSP.dll

VM Arguments:
jvm_args: -ea -Didea.test.cyclic.buffer.size=1048576 -javaagent:C:\Program Files\JetBrains\IntelliJ IDEA 2018.2.4\lib\idea_rt.jar=51163:C:\Program Files\JetBrains\IntelliJ IDEA 2018.2.4\bin -Dfile.encoding=UTF-8 
java_command: com.intellij.rt.execution.junit.JUnitStarter -ideVersion5 -junit4 com.crossover.techtrial.controller.PersonControllerTest
java_class_path (initial): C:\Program Files\JetBrains\IntelliJ IDEA 2018.2.4\lib\idea_rt.jar;C:\Program Files\JetBrains\IntelliJ IDEA 2018.2.4\plugins\junit\lib\junit-rt.jar;C:\Program Files\JetBrains\IntelliJ IDEA 2018.2.4\plugins\junit\lib\junit5-rt.jar;C:\Program Files\Java\jdk1.8.0_181\jre\lib\charsets.jar;C:\Program Files\Java\jdk1.8.0_181\jre\lib\deploy.jar;C:\Program Files\Java\jdk1.8.0_181\jre\lib\ext\access-bridge-64.jar;C:\Program Files\Java\jdk1.8.0_181\jre\lib\ext\cldrdata.jar;C:\Program Files\Java\jdk1.8.0_181\jre\lib\ext\dnsns.jar;C:\Program Files\Java\jdk1.8.0_181\jre\lib\ext\jaccess.jar;C:\Program Files\Java\jdk1.8.0_181\jre\lib\ext\jfxrt.jar;C:\Program Files\Java\jdk1.8.0_181\jre\lib\ext\localedata.jar;C:\Program Files\Java\jdk1.8.0_181\jre\lib\ext\nashorn.jar;C:\Program Files\Java\jdk1.8.0_181\jre\lib\ext\sunec.jar;C:\Program Files\Java\jdk1.8.0_181\jre\lib\ext\sunjce_provider.jar;C:\Program Files\Java\jdk1.8.0_181\jre\lib\ext\sunmscapi.jar;C:\Program Files\Java\jdk1.8.0_181\jre\lib\ext\sunpkcs11.jar;C:\Program Files\Java\jdk1.8.0_181\jre\lib\ext\zipfs.jar;C:\Program Files\Java\jdk1.8.0_181\jre\lib\javaws.jar;C:\Program Files\Java\jdk1.8.0_181\jre\lib\jce.jar;C:\Program Files\Java\jdk1.8.0_181\jre\lib\jfr.jar;C:\Program Files\Java\jdk1.8.0_181\jre\lib\jfxswt.jar;C:\Program Files\Java\jdk1.8.0_181\jre\lib\jsse.jar;C:\Program Files\Java\jdk1.8.0_181\jre\lib\management-agent.jar;C:\Program Files\Java\jdk1.8.0_181\jre\lib\plugin.jar;C:\Program Files\Java\jdk1.8.0_181\jre\lib\resources.jar;C:\Program Files\Java\jdk1.8.0_181\jre\lib\rt.jar;C:\Users\Umber Kapur\Desktop\cross-ride-java\out\test\classes;C:\Users\Umber Kapur\Desktop\cross-ride-java\out\production\classes;C:\Users\Umber Kapur\Desktop\cross-ride-java\out\production\resources;C:\Users\Umber Kapur\.gradle\caches\modules-2\files-2.1\org.springframework.boot\spring-boot-starter-data-jpa\2.0.2.RELEASE\a277d15c247684aaef38852a2e71b8b1ef7357e6\spring-boot-starter-data-jpa-2.0.2.RELEASE.jar;C:\Users
Launcher Type: SUN_STANDARD

Environment Variables:
PATH=C:\Program Files (x86)\Common Files\Oracle\Java\javapath;C:\client;F:\installed\product\11.2.0\dbhome_1\bin;C:\ProgramData\Oracle\Java\javapath;C:\Program Files (x86)\Intel\iCLS Client\;C:\Program Files\Intel\iCLS Client\;C:\windows\system32;C:\windows;C:\windows\System32\Wbem;C:\windows\System32\WindowsPowerShell\v1.0\;C:\Program Files\Intel\Intel(R) Management Engine Components\DAL;C:\Program Files\Intel\Intel(R) Management Engine Components\IPT;C:\Program Files (x86)\Intel\Intel(R) Management Engine Components\DAL;C:\Program Files (x86)\Intel\Intel(R) Management Engine Components\IPT;C:\Program Files\Lenovo\Bluetooth Software\;C:\Program Files\Lenovo\Bluetooth Software\syswow64;C:\Program Files (x86)\Common Files\lenovo\easyplussdk\bin;C:\WINDOWS\system32;C:\WINDOWS;C:\WINDOWS\System32\Wbem;C:\WINDOWS\System32\WindowsPowerShell\v1.0\;C:\Program Files (x86)\MiKTeX 2.9\miktex\bin\;C:\mingw64\mingw64\bin;C:\opencv_install\bin;C:\Program Files\MATLAB\R2008a\bin;C:\Program Files\MATLAB\R2008a\bin\win64;C:\Program Files\Git\cmd;C:\Program Files\nodejs\;C:\Android;C:\Windows\System32;C:\Program Files (x86)\GtkSharp\2.12\bin;C:\ProgramData\chocolatey\bin;C:\curl-7.61.1-win64-mingw\bin;C:\WINDOWS\system32\config\systemprofile\.dnx\bin;C:\Program Files\Microsoft DNX\Dnvm\;C:\Program Files\Microsoft SQL Server\130\Tools\Binn\;C:\Users\Umber Kapur\AppData\Local\Programs\Python\Python35\Scripts\;C:\Users\Umber Kapur\AppData\Local\Programs\Python\Python35\;C:\Program Files\Java\jdk1.8.0_25\bin;C:\Users\Umber Kapur\AppData\Roaming\npm;C:\curl-7.61.1-win64-mingw\bin
USERNAME=Umber Kapur
OS=Windows_NT
PROCESSOR_IDENTIFIER=Intel64 Family 6 Model 60 Stepping 3, GenuineIntel



---------------  S Y S T E M  ---------------

OS: Windows 10.0 , 64 bit Build 10586 (10.0.10586.0)

CPU:total 8 (initial active 8) (4 cores per cpu, 2 threads per core) family 6 model 60 stepping 3, cmov, cx8, fxsr, mmx, sse, sse2, sse3, ssse3, sse4.1, sse4.2, popcnt, avx, avx2, aes, clmul, erms, lzcnt, ht, tsc, tscinvbit, bmi1, bmi2

Memory: 4k page, physical 8134936k(2862892k free), swap 10756376k(9176k free)

vm_info: Java HotSpot(TM) 64-Bit Server VM (25.181-b13) for windows-amd64 JRE (1.8.0_181-b13), built on Jul  7 2018 04:01:33 by "java_re" with MS VC++ 10.0 (VS2010)

time: Sat Oct 20 22:55:05 2018
elapsed time: 4 seconds (0d 0h 0m 4s)

